[info, Jun 11 2014 11:52:17] Marketplace [check_for_updates]: запрашиваемый URL "https://my.x-cart.com/index.php?q=api/check_for_updates"
[info, Jun 11 2014 11:52:19] Marketplace [check_for_updates]: получен верный ответ
[info, Jun 11 2014 11:52:26] Marketplace [get_addons]: the "https://my.x-cart.com/index.php?q=api/get_addons" URL requested
[info, Jun 11 2014 11:52:28] Marketplace [get_addons]: valid response received
[info, Jun 11 2014 11:52:28] Marketplace [check_addon_key]: запрашиваемый URL "https://my.x-cart.com/index.php?q=api/check_addon_key"
[info, Jun 11 2014 11:52:29] Marketplace [check_addon_key]: valid response received
[info, Jun 11 2014 11:52:42] Marketplace [get_addons]: the "https://my.x-cart.com/index.php?q=api/get_addons" URL requested
[info, Jun 11 2014 11:52:44] Marketplace [get_addons]: valid response received
[info, Jun 11 2014 11:52:46] Marketplace [check_for_updates]: запрашиваемый URL "https://my.x-cart.com/index.php?q=api/check_for_updates"
[info, Jun 11 2014 11:52:48] Marketplace [check_for_updates]: получен верный ответ
[info, Jun 11 2014 11:52:48] Marketplace [check_addon_key]: запрашиваемый URL "https://my.x-cart.com/index.php?q=api/check_addon_key"
[info, Jun 11 2014 11:52:49] Marketplace [check_addon_key]: valid response received
[info, Jun 11 2014 11:52:50] Marketplace [check_addon_key]: запрашиваемый URL "https://my.x-cart.com/index.php?q=api/check_addon_key"
[info, Jun 11 2014 11:52:51] Marketplace [check_addon_key]: valid response received
[info, Jun 11 2014 18:18:22] Marketplace [get_addons]: the "https://my.x-cart.com/index.php?q=api/get_addons" URL requested
[info, Jun 11 2014 18:18:24] Marketplace [get_addons]: valid response received
[info, Jun 11 2014 18:18:26] Marketplace [check_addon_key]: запрашиваемый URL "https://my.x-cart.com/index.php?q=api/check_addon_key"
[info, Jun 11 2014 18:18:27] Marketplace [check_addon_key]: valid response received
[info, Jun 11 2014 18:18:27] Marketplace [check_for_updates]: запрашиваемый URL "https://my.x-cart.com/index.php?q=api/check_for_updates"
[info, Jun 11 2014 18:18:28] Marketplace [check_for_updates]: получен верный ответ
[info, Jun 11 2014 18:18:28] Marketplace [check_for_updates]: запрашиваемый URL "https://my.x-cart.com/index.php?q=api/check_for_updates"
[info, Jun 11 2014 18:18:30] Marketplace [check_for_updates]: получен верный ответ
[info, Jun 11 2014 18:18:30] Marketplace [is_landing_available]: the "https://my.x-cart.com/index.php?q=api/is_landing_available" URL requested
[info, Jun 11 2014 18:18:31] Marketplace [is_landing_available]: valid response received
[info, Jun 11 2014 18:18:31] Marketplace [get_all_tags]: the "https://my.x-cart.com/index.php?q=api/get_all_tags" URL requested
[info, Jun 11 2014 18:18:32] Marketplace [get_all_tags]: valid response received
[info, Jun 11 2014 18:18:33] Marketplace [check_for_updates]: запрашиваемый URL "https://my.x-cart.com/index.php?q=api/check_for_updates"
[info, Jun 11 2014 18:18:35] Marketplace [check_for_updates]: получен верный ответ
[info, Jun 11 2014 18:19:13] Marketplace [check_for_updates]: запрашиваемый URL "https://my.x-cart.com/index.php?q=api/check_for_updates"
[info, Jun 11 2014 18:19:15] Marketplace [check_for_updates]: получен верный ответ
[info, Jun 11 2014 18:19:15] Marketplace [check_for_updates]: запрашиваемый URL "https://my.x-cart.com/index.php?q=api/check_for_updates"
[info, Jun 11 2014 18:19:16] Marketplace [check_for_updates]: получен верный ответ
[info, Jun 11 2014 18:19:17] Marketplace [check_for_updates]: запрашиваемый URL "https://my.x-cart.com/index.php?q=api/check_for_updates"
[info, Jun 11 2014 18:19:18] Marketplace [check_for_updates]: получен верный ответ
[info, Jun 11 2014 18:23:58] Marketplace [check_for_updates]: запрашиваемый URL "https://my.x-cart.com/index.php?q=api/check_for_updates"
[info, Jun 11 2014 18:24:00] Marketplace [check_for_updates]: получен верный ответ
[info, Jun 11 2014 18:24:00] Marketplace [check_for_updates]: запрашиваемый URL "https://my.x-cart.com/index.php?q=api/check_for_updates"
[info, Jun 11 2014 18:24:02] Marketplace [check_for_updates]: получен верный ответ
[info, Jun 11 2014 18:24:03] Marketplace [check_for_updates]: запрашиваемый URL "https://my.x-cart.com/index.php?q=api/check_for_updates"
[info, Jun 11 2014 18:24:04] Marketplace [check_for_updates]: получен верный ответ
[info, Jun 11 2014 18:26:23] Marketplace [check_for_updates]: запрашиваемый URL "https://my.x-cart.com/index.php?q=api/check_for_updates"
[info, Jun 11 2014 18:26:24] Marketplace [check_for_updates]: получен верный ответ
[info, Jun 11 2014 18:26:24] Marketplace [check_for_updates]: запрашиваемый URL "https://my.x-cart.com/index.php?q=api/check_for_updates"
[info, Jun 11 2014 18:26:26] Marketplace [check_for_updates]: получен верный ответ
[info, Jun 11 2014 18:26:26] Marketplace [check_for_updates]: запрашиваемый URL "https://my.x-cart.com/index.php?q=api/check_for_updates"
[info, Jun 11 2014 18:26:28] Marketplace [check_for_updates]: получен верный ответ
[info, Jun 11 2014 18:26:49] Marketplace [check_for_updates]: запрашиваемый URL "https://my.x-cart.com/index.php?q=api/check_for_updates"
[info, Jun 11 2014 18:26:51] Marketplace [check_for_updates]: получен верный ответ
[info, Jun 11 2014 18:26:51] Marketplace [check_for_updates]: запрашиваемый URL "https://my.x-cart.com/index.php?q=api/check_for_updates"
[info, Jun 11 2014 18:26:52] Marketplace [check_for_updates]: получен верный ответ
[info, Jun 11 2014 18:26:53] Marketplace [check_for_updates]: запрашиваемый URL "https://my.x-cart.com/index.php?q=api/check_for_updates"
[info, Jun 11 2014 18:26:55] Marketplace [check_for_updates]: получен верный ответ
[info, Jun 11 2014 20:37:33] Marketplace [check_for_updates]: запрашиваемый URL "https://my.x-cart.com/index.php?q=api/check_for_updates"
[info, Jun 11 2014 20:37:34] Marketplace [check_for_updates]: получен верный ответ
[info, Jun 11 2014 20:37:34] Marketplace [check_for_updates]: запрашиваемый URL "https://my.x-cart.com/index.php?q=api/check_for_updates"
[info, Jun 11 2014 20:37:36] Marketplace [check_for_updates]: получен верный ответ
[info, Jun 11 2014 20:37:36] Marketplace [check_for_updates]: запрашиваемый URL "https://my.x-cart.com/index.php?q=api/check_for_updates"
[info, Jun 11 2014 20:37:38] Marketplace [check_for_updates]: получен верный ответ
[info, Jun 11 2014 20:38:15] Marketplace [get_addon_info]: the "https://my.x-cart.com/index.php?q=api/get_addon_info" URL requested
[info, Jun 11 2014 20:38:16] Marketplace [get_addon_info]: valid response received
[info, Jun 11 2014 20:38:16] Marketplace [get_addon_info]: the "https://my.x-cart.com/index.php?q=api/get_addon_info" URL requested
[info, Jun 11 2014 20:38:17] Marketplace [get_addon_info]: valid response received
[info, Jun 11 2014 20:38:17] Marketplace [get_addon_info]: the "https://my.x-cart.com/index.php?q=api/get_addon_info" URL requested
[info, Jun 11 2014 20:38:18] Marketplace [get_addon_info]: valid response received
[info, Jun 11 2014 20:38:18] Marketplace [get_addons]: the "https://my.x-cart.com/index.php?q=api/get_addons" URL requested
[info, Jun 11 2014 20:38:20] Marketplace [get_addons]: valid response received
[info, Jun 11 2014 20:38:22] Marketplace [get_cores]: the "https://my.x-cart.com/index.php?q=api/get_cores" URL requested
[info, Jun 11 2014 20:38:23] Marketplace [get_cores]: valid response received
[info, Jun 11 2014 20:38:24] Marketplace [get_addon_pack]: the "https://my.x-cart.com/index.php?q=api/get_addon_pack" URL requested
[info, Jun 11 2014 20:38:25] Module pack ("XC\Olark") is received: "/home/users1/d/dmitriysmoll/domains/adas-mebel.ru/var/tmp/539886014028d.gz"
[info, Jun 11 2014 20:38:25] Marketplace [get_addon_hash]: the "https://my.x-cart.com/index.php?q=api/get_addon_hash" URL requested
[info, Jun 11 2014 20:38:26] Marketplace [get_addon_hash]: valid response received
[info, Jun 11 2014 20:38:26] Marketplace [get_addon_pack]: the "https://my.x-cart.com/index.php?q=api/get_addon_pack" URL requested
[info, Jun 11 2014 20:38:27] Module pack ("PerceptionSystemPvtLtd\ProductVideo") is received: "/home/users1/d/dmitriysmoll/domains/adas-mebel.ru/var/tmp/539886033ef25.gz"
[info, Jun 11 2014 20:38:27] Marketplace [get_addon_hash]: the "https://my.x-cart.com/index.php?q=api/get_addon_hash" URL requested
[info, Jun 11 2014 20:38:28] Marketplace [get_addon_hash]: valid response received
[info, Jun 11 2014 20:38:28] Marketplace [get_addon_pack]: the "https://my.x-cart.com/index.php?q=api/get_addon_pack" URL requested
[info, Jun 11 2014 20:38:29] Module pack ("XC\SystemFields") is received: "/home/users1/d/dmitriysmoll/domains/adas-mebel.ru/var/tmp/5398860587725.gz"
[info, Jun 11 2014 20:38:29] Marketplace [get_addon_hash]: the "https://my.x-cart.com/index.php?q=api/get_addon_hash" URL requested
[info, Jun 11 2014 20:38:30] Marketplace [get_addon_hash]: valid response received
[info, Jun 11 2014 20:38:31] Entry "XC\Olark" archive is unpacked: "/home/users1/d/dmitriysmoll/domains/adas-mebel.ru/var/tmp/539886014028d"
[info, Jun 11 2014 20:38:31] Entry "PerceptionSystemPvtLtd\ProductVideo" archive is unpacked: "/home/users1/d/dmitriysmoll/domains/adas-mebel.ru/var/tmp/539886033ef25"
[info, Jun 11 2014 20:38:31] Entry "XC\SystemFields" archive is unpacked: "/home/users1/d/dmitriysmoll/domains/adas-mebel.ru/var/tmp/5398860587725"
[info, Jun 11 2014 20:38:33] File is added: "classes/XLite/Module/XC/Olark/Main.php"
[info, Jun 11 2014 20:38:33] File is added: "classes/XLite/Module/XC/Olark/View/Olark.php"
[info, Jun 11 2014 20:38:33] File is added: "classes/XLite/Module/XC/Olark/icon.png"
[info, Jun 11 2014 20:38:33] File is added: "classes/XLite/Module/XC/Olark/install.yaml"
[info, Jun 11 2014 20:38:33] File is added: "skins/admin/en/modules/XC/Olark/setting.tpl"
[info, Jun 11 2014 20:38:33] File is added: "skins/default/en/modules/XC/Olark/chat.js"
[info, Jun 11 2014 20:38:33] File is added: "skins/default/en/modules/XC/Olark/chat.tpl"
[info, Jun 11 2014 20:38:33] File is added: "classes/XLite/Module/PerceptionSystemPvtLtd/ProductVideo/Main.php"
[info, Jun 11 2014 20:38:33] File is added: "classes/XLite/Module/PerceptionSystemPvtLtd/ProductVideo/Model/Product.php"
[info, Jun 11 2014 20:38:33] File is added: "classes/XLite/Module/PerceptionSystemPvtLtd/ProductVideo/View/Product/Details/Customer/Page/APage.php"
[info, Jun 11 2014 20:38:33] File is added: "classes/XLite/Module/PerceptionSystemPvtLtd/ProductVideo/View/Model/Product.php"
[info, Jun 11 2014 20:38:33] File is added: "classes/XLite/Module/PerceptionSystemPvtLtd/ProductVideo/icon.png"
[info, Jun 11 2014 20:38:33] File is added: "skins/default/en/modules/PerceptionSystemPvtLtd/ProductVideo/product.tpl"
[info, Jun 11 2014 20:38:33] File is added: "skins/default/en/modules/PerceptionSystemPvtLtd/ProductVideo/product/details/parts/common.product.video.tpl"
[info, Jun 11 2014 20:38:33] File is added: "classes/XLite/Module/XC/SystemFields/Logic/Field.php"
[info, Jun 11 2014 20:38:33] File is added: "classes/XLite/Module/XC/SystemFields/Logic/Export/Step/ProductsVariants.php"
[info, Jun 11 2014 20:38:33] File is added: "classes/XLite/Module/XC/SystemFields/Logic/Export/Step/Products.php"
[info, Jun 11 2014 20:38:33] File is added: "classes/XLite/Module/XC/SystemFields/Logic/Import/Processor/ProductsVariants.php"
[info, Jun 11 2014 20:38:33] File is added: "classes/XLite/Module/XC/SystemFields/Logic/Import/Processor/Products.php"
[info, Jun 11 2014 20:38:33] File is added: "classes/XLite/Module/XC/SystemFields/Main.php"
[info, Jun 11 2014 20:38:33] File is added: "classes/XLite/Module/XC/SystemFields/Model/ProductVariant.php"
[info, Jun 11 2014 20:38:33] File is added: "classes/XLite/Module/XC/SystemFields/Model/Repo/Product.php"
[info, Jun 11 2014 20:38:33] File is added: "classes/XLite/Module/XC/SystemFields/Model/AEntity.php"
[info, Jun 11 2014 20:38:33] File is added: "classes/XLite/Module/XC/SystemFields/Model/Product.php"
[info, Jun 11 2014 20:38:33] File is added: "classes/XLite/Module/XC/SystemFields/View/Product/Details/Customer/CommonAttributesVariants.php"
[info, Jun 11 2014 20:38:33] File is added: "classes/XLite/Module/XC/SystemFields/View/Product/Details/Customer/CommonAttributes.php"
[info, Jun 11 2014 20:38:33] File is added: "classes/XLite/Module/XC/SystemFields/View/ProductPageCollection.php"
[info, Jun 11 2014 20:38:33] File is added: "classes/XLite/Module/XC/SystemFields/View/SearchPanel/Product/Admin/Main.php"
[info, Jun 11 2014 20:38:33] File is added: "classes/XLite/Module/XC/SystemFields/View/Model/Product.php"
[info, Jun 11 2014 20:38:33] File is added: "classes/XLite/Module/XC/SystemFields/View/FormField/Input/Text/UpcIsbn.php"
[info, Jun 11 2014 20:38:33] File is added: "classes/XLite/Module/XC/SystemFields/View/FormField/Input/Text/MnfVendor.php"
[info, Jun 11 2014 20:38:33] File is added: "classes/XLite/Module/XC/SystemFields/View/FormField/Input/Text/VariantUpcIsbn.php"
[info, Jun 11 2014 20:38:33] File is added: "classes/XLite/Module/XC/SystemFields/View/FormField/Select/ShowInSelector.php"
[info, Jun 11 2014 20:38:33] File is added: "classes/XLite/Module/XC/SystemFields/View/FormField/Inline/Input/Text/UpcIsbn.php"
[info, Jun 11 2014 20:38:33] File is added: "classes/XLite/Module/XC/SystemFields/View/FormField/Inline/Input/Text/MnfVendor.php"
[info, Jun 11 2014 20:38:33] File is added: "classes/XLite/Module/XC/SystemFields/View/Form/Product/Modify/Single.php"
[info, Jun 11 2014 20:38:33] File is added: "classes/XLite/Module/XC/SystemFields/View/Form/Product/Modify/UpcIsbn.php"
[info, Jun 11 2014 20:38:33] File is added: "classes/XLite/Module/XC/SystemFields/View/Form/Product/Modify/MnfVendor.php"
[info, Jun 11 2014 20:38:33] File is added: "classes/XLite/Module/XC/SystemFields/View/Form/AForm.php"
[info, Jun 11 2014 20:38:33] File is added: "classes/XLite/Module/XC/SystemFields/View/ItemsList/Model/Product/Admin/Search.php"
[info, Jun 11 2014 20:38:33] File is added: "classes/XLite/Module/XC/SystemFields/View/ItemsList/Model/ProductVariant.php"
[info, Jun 11 2014 20:38:33] File is added: "classes/XLite/Module/XC/SystemFields/icon.png"
[info, Jun 11 2014 20:38:33] File is added: "classes/XLite/Module/XC/SystemFields/install.yaml"
[info, Jun 11 2014 20:38:33] File is added: "classes/XLite/Module/XC/SystemFields/Core/Database.php"
[info, Jun 11 2014 20:38:33] File is added: "classes/XLite/Module/XC/SystemFields/Core/Validator/UpcIsbn.php"
[info, Jun 11 2014 20:38:33] File is added: "classes/XLite/Module/XC/SystemFields/Core/Validator/VariantUpcIsbn.php"
[info, Jun 11 2014 20:38:33] File is added: "skins/admin/en/modules/XC/SystemFields/product/parts/system_fields.mnfVendor.tpl"
[info, Jun 11 2014 20:38:33] File is added: "skins/admin/en/modules/XC/SystemFields/product/parts/system_fields.upcIsbn.tpl"
[info, Jun 11 2014 20:38:33] File is added: "skins/admin/en/modules/XC/SystemFields/product/search/parts/by_conditions_parts/by_upc_isbn.tpl"
[info, Jun 11 2014 20:38:33] File is added: "skins/admin/en/modules/XC/SystemFields/product/search/parts/by_conditions_parts/by_mnf_vendor.tpl"
[info, Jun 11 2014 20:38:33] File is added: "skins/default/en/modules/XC/SystemFields/product/details/common_attributes/common.product-attributes.upc-isbn.tpl"
[info, Jun 11 2014 20:38:33] File is added: "skins/default/en/modules/XC/SystemFields/product/details/common_attributes/common.product-attributes.mnf-vendor.tpl"
[info, Jun 11 2014 20:38:33] Модуль успешно установлен
[info, Jun 11 2014 20:52:05] Marketplace [check_for_updates]: запрашиваемый URL "https://my.x-cart.com/index.php?q=api/check_for_updates"
[info, Jun 11 2014 20:52:07] Marketplace [check_for_updates]: получен верный ответ
[info, Jun 11 2014 20:52:12] Marketplace [get_addons]: the "https://my.x-cart.com/index.php?q=api/get_addons" URL requested
[info, Jun 11 2014 20:52:14] Marketplace [get_addons]: valid response received
[info, Jun 11 2014 20:52:14] Marketplace [check_addon_key]: запрашиваемый URL "https://my.x-cart.com/index.php?q=api/check_addon_key"
[info, Jun 11 2014 20:52:15] Marketplace [check_addon_key]: valid response received
[info, Jun 11 2014 20:52:20] Marketplace [get_addons]: the "https://my.x-cart.com/index.php?q=api/get_addons" URL requested
[info, Jun 11 2014 20:52:23] Marketplace [get_addons]: valid response received
[info, Jun 11 2014 20:52:24] Marketplace [check_for_updates]: запрашиваемый URL "https://my.x-cart.com/index.php?q=api/check_for_updates"
[info, Jun 11 2014 20:52:26] Marketplace [check_for_updates]: получен верный ответ
[info, Jun 11 2014 20:52:26] Marketplace [check_addon_key]: запрашиваемый URL "https://my.x-cart.com/index.php?q=api/check_addon_key"
[info, Jun 11 2014 20:52:27] Marketplace [check_addon_key]: valid response received
[info, Jun 11 2014 20:52:27] Marketplace [check_addon_key]: запрашиваемый URL "https://my.x-cart.com/index.php?q=api/check_addon_key"
[info, Jun 11 2014 20:52:28] Marketplace [check_addon_key]: valid response received
[info, Jun 11 2014 21:17:53] Marketplace [get_addons]: the "https://my.x-cart.com/index.php?q=api/get_addons" URL requested
[info, Jun 11 2014 21:17:54] Marketplace [get_addons]: the "https://my.x-cart.com/index.php?q=api/get_addons" URL requested
[info, Jun 11 2014 21:17:55] Marketplace [get_addons]: the "https://my.x-cart.com/index.php?q=api/get_addons" URL requested
[info, Jun 11 2014 21:17:56] Marketplace [get_addons]: valid response received
[info, Jun 11 2014 21:17:56] Marketplace [check_addon_key]: запрашиваемый URL "https://my.x-cart.com/index.php?q=api/check_addon_key"
[info, Jun 11 2014 21:17:56] Marketplace [get_addons]: valid response received
[info, Jun 11 2014 21:17:57] Marketplace [check_addon_key]: valid response received
[info, Jun 11 2014 21:17:57] Marketplace [check_for_updates]: запрашиваемый URL "https://my.x-cart.com/index.php?q=api/check_for_updates"
[info, Jun 11 2014 21:17:58] Marketplace [get_addons]: valid response received
[info, Jun 11 2014 21:17:58] Marketplace [check_for_updates]: запрашиваемый URL "https://my.x-cart.com/index.php?q=api/check_for_updates"
[info, Jun 11 2014 21:17:58] Marketplace [check_for_updates]: запрашиваемый URL "https://my.x-cart.com/index.php?q=api/check_for_updates"
[info, Jun 11 2014 21:17:59] Marketplace [check_for_updates]: получен верный ответ
[info, Jun 11 2014 21:17:59] Marketplace [check_for_updates]: запрашиваемый URL "https://my.x-cart.com/index.php?q=api/check_for_updates"
[info, Jun 11 2014 21:17:59] Marketplace [check_for_updates]: получен верный ответ
[info, Jun 11 2014 21:17:59] Marketplace [check_for_updates]: запрашиваемый URL "https://my.x-cart.com/index.php?q=api/check_for_updates"
[info, Jun 11 2014 21:18:00] Marketplace [check_for_updates]: запрашиваемый URL "https://my.x-cart.com/index.php?q=api/check_for_updates"
[info, Jun 11 2014 21:18:00] Marketplace [check_for_updates]: получен верный ответ
[info, Jun 11 2014 21:18:00] Marketplace [check_for_updates]: запрашиваемый URL "https://my.x-cart.com/index.php?q=api/check_for_updates"
[info, Jun 11 2014 21:18:01] Marketplace [check_for_updates]: получен верный ответ
[info, Jun 11 2014 21:18:01] Marketplace [is_landing_available]: the "https://my.x-cart.com/index.php?q=api/is_landing_available" URL requested
[info, Jun 11 2014 21:18:01] Marketplace [check_for_updates]: получен верный ответ
[info, Jun 11 2014 21:18:01] Marketplace [is_landing_available]: the "https://my.x-cart.com/index.php?q=api/is_landing_available" URL requested
[info, Jun 11 2014 21:18:01] Marketplace [check_for_updates]: запрашиваемый URL "https://my.x-cart.com/index.php?q=api/check_for_updates"
[info, Jun 11 2014 21:18:02] Marketplace [check_for_updates]: получен верный ответ
[info, Jun 11 2014 21:18:02] Marketplace [check_for_updates]: запрашиваемый URL "https://my.x-cart.com/index.php?q=api/check_for_updates"
[info, Jun 11 2014 21:18:02] Marketplace [is_landing_available]: valid response received
[info, Jun 11 2014 21:18:02] Marketplace [check_for_updates]: получен верный ответ
[info, Jun 11 2014 21:18:02] Marketplace [get_all_tags]: the "https://my.x-cart.com/index.php?q=api/get_all_tags" URL requested
[info, Jun 11 2014 21:18:02] Marketplace [get_all_tags]: the "https://my.x-cart.com/index.php?q=api/get_all_tags" URL requested
[info, Jun 11 2014 21:18:02] Marketplace [is_landing_available]: valid response received
[info, Jun 11 2014 21:18:02] Marketplace [get_all_tags]: the "https://my.x-cart.com/index.php?q=api/get_all_tags" URL requested
[info, Jun 11 2014 21:18:03] Marketplace [get_all_tags]: valid response received
[info, Jun 11 2014 21:18:03] Marketplace [check_for_updates]: получен верный ответ
[info, Jun 11 2014 21:18:03] Marketplace [check_for_updates]: получен верный ответ
[info, Jun 11 2014 21:18:03] Marketplace [check_for_updates]: запрашиваемый URL "https://my.x-cart.com/index.php?q=api/check_for_updates"
[info, Jun 11 2014 21:18:04] Marketplace [get_all_tags]: valid response received
[info, Jun 11 2014 21:18:04] Marketplace [check_for_updates]: запрашиваемый URL "https://my.x-cart.com/index.php?q=api/check_for_updates"
[info, Jun 11 2014 21:18:04] Marketplace [check_for_updates]: запрашиваемый URL "https://my.x-cart.com/index.php?q=api/check_for_updates"
[info, Jun 11 2014 21:18:04] Marketplace [get_all_tags]: valid response received
[info, Jun 11 2014 21:18:05] Marketplace [check_for_updates]: запрашиваемый URL "https://my.x-cart.com/index.php?q=api/check_for_updates"
[info, Jun 11 2014 21:18:05] Marketplace [check_for_updates]: запрашиваемый URL "https://my.x-cart.com/index.php?q=api/check_for_updates"
[info, Jun 11 2014 21:18:06] Marketplace [check_for_updates]: получен верный ответ
[info, Jun 11 2014 21:18:06] Marketplace [check_for_updates]: получен верный ответ
[info, Jun 11 2014 21:18:07] Marketplace [check_for_updates]: запрашиваемый URL "https://my.x-cart.com/index.php?q=api/check_for_updates"
[info, Jun 11 2014 21:18:07] Marketplace [check_for_updates]: получен верный ответ
[info, Jun 11 2014 21:18:07] Marketplace [check_for_updates]: получен верный ответ
[info, Jun 11 2014 21:18:07] Marketplace [check_for_updates]: получен верный ответ
[info, Jun 11 2014 21:18:14] Marketplace [check_for_updates]: получен верный ответ
[info, Jun 11 2014 21:18:54] Marketplace [get_addon_info]: the "https://my.x-cart.com/index.php?q=api/get_addon_info" URL requested
[info, Jun 11 2014 21:18:55] Marketplace [get_addon_info]: valid response received
[info, Jun 11 2014 21:18:55] Marketplace [get_cores]: the "https://my.x-cart.com/index.php?q=api/get_cores" URL requested
[info, Jun 11 2014 21:18:56] Marketplace [get_cores]: valid response received
[info, Jun 11 2014 21:18:57] Marketplace [get_addon_pack]: the "https://my.x-cart.com/index.php?q=api/get_addon_pack" URL requested
[info, Jun 11 2014 21:18:58] Module pack ("XC\DisqusComments") is received: "/home/users1/d/dmitriysmoll/domains/adas-mebel.ru/var/tmp/53988f82638ed.gz"
[info, Jun 11 2014 21:18:58] Marketplace [get_addon_hash]: the "https://my.x-cart.com/index.php?q=api/get_addon_hash" URL requested
[info, Jun 11 2014 21:18:59] Marketplace [get_addon_hash]: valid response received
[info, Jun 11 2014 21:18:59] Entry "XC\DisqusComments" archive is unpacked: "/home/users1/d/dmitriysmoll/domains/adas-mebel.ru/var/tmp/53988f82638ed"
[info, Jun 11 2014 21:19:00] File is added: "classes/XLite/Module/XC/DisqusComments/Main.php"
[info, Jun 11 2014 21:19:00] File is added: "classes/XLite/Module/XC/DisqusComments/View/Product/Details/Customer/Page/APage.php"
[info, Jun 11 2014 21:19:00] File is added: "classes/XLite/Module/XC/DisqusComments/View/Comments.php"
[info, Jun 11 2014 21:19:00] File is added: "classes/XLite/Module/XC/DisqusComments/View/SettingWarning.php"
[info, Jun 11 2014 21:19:00] File is added: "classes/XLite/Module/XC/DisqusComments/icon.png"
[info, Jun 11 2014 21:19:00] File is added: "classes/XLite/Module/XC/DisqusComments/install.yaml"
[info, Jun 11 2014 21:19:00] File is added: "skins/admin/en/modules/XC/DisqusComments/settingWarning.tpl"
[info, Jun 11 2014 21:19:00] File is added: "skins/default/en/modules/XC/DisqusComments/comments.tpl"
[info, Jun 11 2014 21:19:01] Модуль успешно установлен
[info, Jun 11 2014 21:19:45] Marketplace [get_addons]: the "https://my.x-cart.com/index.php?q=api/get_addons" URL requested
[info, Jun 11 2014 21:19:47] Marketplace [get_addons]: valid response received
[info, Jun 11 2014 21:20:07] Marketplace [check_for_updates]: запрашиваемый URL "https://my.x-cart.com/index.php?q=api/check_for_updates"
[info, Jun 11 2014 21:20:09] Marketplace [check_for_updates]: получен верный ответ
[info, Jun 11 2014 21:50:06] Marketplace [check_for_updates]: запрашиваемый URL "https://my.x-cart.com/index.php?q=api/check_for_updates"
[info, Jun 11 2014 21:50:08] Marketplace [check_for_updates]: получен верный ответ
[info, Jun 11 2014 21:50:14] Marketplace [get_addons]: the "https://my.x-cart.com/index.php?q=api/get_addons" URL requested
[info, Jun 11 2014 21:50:16] Marketplace [get_addons]: valid response received
[info, Jun 11 2014 21:50:19] Marketplace [check_addon_key]: запрашиваемый URL "https://my.x-cart.com/index.php?q=api/check_addon_key"
[info, Jun 11 2014 21:50:20] Marketplace [check_addon_key]: valid response received
[info, Jun 11 2014 21:50:40] Marketplace [get_addons]: the "https://my.x-cart.com/index.php?q=api/get_addons" URL requested
[info, Jun 11 2014 21:50:42] Marketplace [get_addons]: valid response received
[info, Jun 11 2014 21:50:46] Marketplace [check_for_updates]: запрашиваемый URL "https://my.x-cart.com/index.php?q=api/check_for_updates"
[info, Jun 11 2014 21:50:48] Marketplace [check_for_updates]: получен верный ответ
[info, Jun 11 2014 21:50:48] Marketplace [check_addon_key]: запрашиваемый URL "https://my.x-cart.com/index.php?q=api/check_addon_key"
[info, Jun 11 2014 21:50:49] Marketplace [check_addon_key]: valid response received
[info, Jun 11 2014 21:50:49] Marketplace [check_addon_key]: запрашиваемый URL "https://my.x-cart.com/index.php?q=api/check_addon_key"
[info, Jun 11 2014 21:50:50] Marketplace [check_addon_key]: valid response received
[info, Jun 11 2014 22:06:13] Marketplace [get_addons]: the "https://my.x-cart.com/index.php?q=api/get_addons" URL requested
[info, Jun 11 2014 22:06:15] Marketplace [get_addons]: valid response received
[info, Jun 11 2014 22:06:17] Marketplace [check_addon_key]: запрашиваемый URL "https://my.x-cart.com/index.php?q=api/check_addon_key"
[info, Jun 11 2014 22:06:18] Marketplace [check_addon_key]: valid response received
[info, Jun 12 2014 00:56:43] Marketplace [check_for_updates]: запрашиваемый URL "https://my.x-cart.com/index.php?q=api/check_for_updates"
[info, Jun 12 2014 00:56:44] Marketplace [check_for_updates]: получен верный ответ
[info, Jun 12 2014 00:56:44] Marketplace [check_for_updates]: запрашиваемый URL "https://my.x-cart.com/index.php?q=api/check_for_updates"
[info, Jun 12 2014 00:56:46] Marketplace [check_for_updates]: получен верный ответ
[info, Jun 12 2014 00:56:46] Marketplace [is_landing_available]: the "https://my.x-cart.com/index.php?q=api/is_landing_available" URL requested
[info, Jun 12 2014 00:56:47] Marketplace [is_landing_available]: valid response received
[info, Jun 12 2014 00:56:47] Marketplace [get_all_tags]: the "https://my.x-cart.com/index.php?q=api/get_all_tags" URL requested
[info, Jun 12 2014 00:56:48] Marketplace [get_all_tags]: valid response received
[info, Jun 12 2014 00:56:49] Marketplace [check_for_updates]: запрашиваемый URL "https://my.x-cart.com/index.php?q=api/check_for_updates"
[info, Jun 12 2014 00:56:50] Marketplace [check_for_updates]: получен верный ответ
[info, Jun 12 2014 00:57:01] Marketplace [check_for_updates]: запрашиваемый URL "https://my.x-cart.com/index.php?q=api/check_for_updates"
[info, Jun 12 2014 00:57:03] Marketplace [check_for_updates]: получен верный ответ
[info, Jun 12 2014 00:57:03] Marketplace [check_for_updates]: запрашиваемый URL "https://my.x-cart.com/index.php?q=api/check_for_updates"
[info, Jun 12 2014 00:57:04] Marketplace [check_for_updates]: получен верный ответ
[info, Jun 12 2014 00:57:05] Marketplace [check_for_updates]: запрашиваемый URL "https://my.x-cart.com/index.php?q=api/check_for_updates"
[info, Jun 12 2014 00:57:06] Marketplace [check_for_updates]: получен верный ответ
[info, Jun 13 2014 12:47:37] Marketplace [check_for_updates]: запрашиваемый URL "https://my.x-cart.com/index.php?q=api/check_for_updates"
[info, Jun 13 2014 12:47:39] Marketplace [check_for_updates]: получен верный ответ
[info, Jun 17 2014 22:13:20] Marketplace [check_for_updates]: запрашиваемый URL "https://my.x-cart.com/index.php?q=api/check_for_updates"
[info, Jun 17 2014 22:13:22] Marketplace [check_for_updates]: получен верный ответ
[info, Jun 19 2014 20:55:13] Marketplace [check_for_updates]: запрашиваемый URL "https://my.x-cart.com/index.php?q=api/check_for_updates"
[info, Jun 19 2014 20:55:15] Marketplace [check_for_updates]: получен верный ответ
[info, Jun 20 2014 23:25:49] Marketplace [check_for_updates]: запрашиваемый URL "https://my.x-cart.com/index.php?q=api/check_for_updates"
[info, Jun 20 2014 23:25:51] Marketplace [check_for_updates]: получен верный ответ
[info, Jun 22 2014 23:50:21] Marketplace [check_for_updates]: запрашиваемый URL "https://my.x-cart.com/index.php?q=api/check_for_updates"
[info, Jun 22 2014 23:50:23] Marketplace [check_for_updates]: получен верный ответ
[info, Jun 24 2014 14:13:45] Marketplace [check_for_updates]: запрашиваемый URL "https://my.x-cart.com/index.php?q=api/check_for_updates"
[info, Jun 24 2014 14:13:47] Marketplace [check_for_updates]: получен верный ответ
[info, Jun 24 2014 14:21:39] Marketplace [get_addons]: the "https://my.x-cart.com/index.php?q=api/get_addons" URL requested
[info, Jun 24 2014 14:21:42] Marketplace [get_addons]: valid response received
[info, Jun 24 2014 14:21:43] Marketplace [check_addon_key]: запрашиваемый URL "https://my.x-cart.com/index.php?q=api/check_addon_key"
[info, Jun 24 2014 14:21:44] Marketplace [check_addon_key]: valid response received
[info, Jun 24 2014 14:21:45] Marketplace [check_for_updates]: запрашиваемый URL "https://my.x-cart.com/index.php?q=api/check_for_updates"
[info, Jun 24 2014 14:21:46] Marketplace [check_for_updates]: получен верный ответ
[info, Jun 24 2014 14:21:46] Marketplace [check_for_updates]: запрашиваемый URL "https://my.x-cart.com/index.php?q=api/check_for_updates"
[info, Jun 24 2014 14:21:47] Marketplace [check_for_updates]: получен верный ответ
[info, Jun 24 2014 14:21:47] Marketplace [is_landing_available]: the "https://my.x-cart.com/index.php?q=api/is_landing_available" URL requested
[info, Jun 24 2014 14:21:48] Marketplace [is_landing_available]: valid response received
[info, Jun 24 2014 14:21:48] Marketplace [get_all_tags]: the "https://my.x-cart.com/index.php?q=api/get_all_tags" URL requested
[info, Jun 24 2014 14:21:49] Marketplace [get_all_tags]: valid response received
[info, Jun 24 2014 14:21:50] Marketplace [check_for_updates]: запрашиваемый URL "https://my.x-cart.com/index.php?q=api/check_for_updates"
[info, Jun 24 2014 14:21:51] Marketplace [check_for_updates]: получен верный ответ
[info, Jun 24 2014 14:22:53] Marketplace [check_for_updates]: запрашиваемый URL "https://my.x-cart.com/index.php?q=api/check_for_updates"
[info, Jun 24 2014 14:22:54] Marketplace [check_for_updates]: получен верный ответ
[info, Jun 24 2014 14:22:54] Marketplace [check_for_updates]: запрашиваемый URL "https://my.x-cart.com/index.php?q=api/check_for_updates"
[info, Jun 24 2014 14:22:55] Marketplace [check_for_updates]: получен верный ответ
[info, Jun 24 2014 14:22:56] Marketplace [check_for_updates]: запрашиваемый URL "https://my.x-cart.com/index.php?q=api/check_for_updates"
[info, Jun 24 2014 14:22:57] Marketplace [check_for_updates]: получен верный ответ
[info, Jun 24 2014 14:47:30] Marketplace [check_for_updates]: запрашиваемый URL "https://my.x-cart.com/index.php?q=api/check_for_updates"
[info, Jun 24 2014 14:47:32] Marketplace [check_for_updates]: получен верный ответ
[info, Jun 24 2014 14:47:32] Marketplace [check_for_updates]: запрашиваемый URL "https://my.x-cart.com/index.php?q=api/check_for_updates"
[info, Jun 24 2014 14:47:34] Marketplace [check_for_updates]: получен верный ответ
[info, Jun 24 2014 14:47:34] Marketplace [check_for_updates]: запрашиваемый URL "https://my.x-cart.com/index.php?q=api/check_for_updates"
[info, Jun 24 2014 14:47:35] Marketplace [check_for_updates]: получен верный ответ
[info, Jun 26 2014 22:15:56] Marketplace [check_for_updates]: запрашиваемый URL "https://my.x-cart.com/index.php?q=api/check_for_updates"
[info, Jun 26 2014 22:15:58] Marketplace [check_for_updates]: получен верный ответ
[info, Jun 27 2014 23:25:07] Marketplace [check_for_updates]: запрашиваемый URL "https://my.x-cart.com/index.php?q=api/check_for_updates"
[info, Jun 27 2014 23:25:09] Marketplace [check_for_updates]: получен верный ответ
[info, Jun 29 2014 13:35:27] Marketplace [check_for_updates]: запрашиваемый URL "https://my.x-cart.com/index.php?q=api/check_for_updates"
[info, Jun 29 2014 13:35:30] Marketplace [check_for_updates]: получен верный ответ
[info, Jul 01 2014 23:24:57] Marketplace [check_for_updates]: запрашиваемый URL "https://my.x-cart.com/index.php?q=api/check_for_updates"
[info, Jul 01 2014 23:24:59] Marketplace [check_for_updates]: получен верный ответ
[info, Jul 01 2014 23:30:51] Marketplace [get_addons]: the "https://my.x-cart.com/index.php?q=api/get_addons" URL requested
[info, Jul 01 2014 23:30:54] Marketplace [get_addons]: valid response received
[info, Jul 01 2014 23:30:56] Marketplace [check_addon_key]: запрашиваемый URL "https://my.x-cart.com/index.php?q=api/check_addon_key"
[info, Jul 01 2014 23:30:56] Marketplace [check_addon_key]: valid response received
[info, Jul 03 2014 23:32:32] Marketplace [check_for_updates]: запрашиваемый URL "https://my.x-cart.com/index.php?q=api/check_for_updates"
[info, Jul 03 2014 23:32:34] Marketplace [check_for_updates]: получен верный ответ
[info, Jul 04 2014 13:20:33] Marketplace [get_addons]: the "https://my.x-cart.com/index.php?q=api/get_addons" URL requested
[info, Jul 04 2014 13:20:36] Marketplace [get_addons]: valid response received
[info, Jul 04 2014 13:20:37] Marketplace [check_addon_key]: запрашиваемый URL "https://my.x-cart.com/index.php?q=api/check_addon_key"
[info, Jul 04 2014 13:20:38] Marketplace [check_addon_key]: valid response received
[info, Jul 07 2014 22:49:12] Marketplace [check_for_updates]: запрашиваемый URL "https://my.x-cart.com/index.php?q=api/check_for_updates"
[info, Jul 07 2014 22:49:14] Marketplace [check_for_updates]: получен верный ответ
[info, Jul 09 2014 12:17:06] Marketplace [check_for_updates]: запрашиваемый URL "https://my.x-cart.com/index.php?q=api/check_for_updates"
[info, Jul 09 2014 12:17:08] Marketplace [check_for_updates]: получен верный ответ
[info, Jul 10 2014 12:18:40] Marketplace [check_for_updates]: запрашиваемый URL "https://my.x-cart.com/index.php?q=api/check_for_updates"
[info, Jul 10 2014 12:18:42] Marketplace [check_for_updates]: получен верный ответ
[info, Jul 11 2014 17:41:32] Marketplace [check_for_updates]: запрашиваемый URL "https://my.x-cart.com/index.php?q=api/check_for_updates"
[info, Jul 11 2014 17:41:33] Marketplace [check_for_updates]: получен верный ответ
[info, Jul 13 2014 12:42:55] Marketplace [check_for_updates]: запрашиваемый URL "https://my.x-cart.com/index.php?q=api/check_for_updates"
[info, Jul 13 2014 12:42:57] Marketplace [check_for_updates]: получен верный ответ
[info, Jul 14 2014 23:43:16] Marketplace [check_for_updates]: запрашиваемый URL "https://my.x-cart.com/index.php?q=api/check_for_updates"
[info, Jul 14 2014 23:43:18] Marketplace [check_for_updates]: получен верный ответ
[info, Jul 15 2014 23:43:43] Marketplace [check_for_updates]: запрашиваемый URL "https://my.x-cart.com/index.php?q=api/check_for_updates"
[info, Jul 15 2014 23:43:44] Marketplace [check_for_updates]: получен верный ответ
[info, Jul 17 2014 00:30:24] Marketplace [check_for_updates]: запрашиваемый URL "https://my.x-cart.com/index.php?q=api/check_for_updates"
[info, Jul 17 2014 00:30:26] Marketplace [check_for_updates]: получен верный ответ
